
===========================================================================
report_checks -unconstrained
===========================================================================
======================= min_tt_025C_1v80 Corner ===================================

Startpoint: wb_clk_i (clock source 'clk')
Endpoint: fpga_core_uut/ANTENNA_tile_2__9__clk0/DIODE (internal pin)
Path Group: unconstrained
Path Type: max

Fanout         Cap        Slew       Delay        Time   Description
---------------------------------------------------------------------------------------------
     3    0.048428    0.610000    0.000000   18.070000 v wb_clk_i (in)
                                                         wb_clk_i (net)
                      0.623915    0.006958   18.076958 v _029_/A1 (sky130_fd_sc_hd__mux2_1)
     2    0.092315    0.439718    0.868965   18.945923 v _029_/X (sky130_fd_sc_hd__mux2_1)
                                                         clk (net)
                      0.443476    0.033078   18.979000 v fpga_core_uut/wire28/A (sky130_fd_sc_hd__buf_8)
     2    0.097804    0.081552    0.313056   19.292057 v fpga_core_uut/wire28/X (sky130_fd_sc_hd__buf_8)
                                                         fpga_core_uut/net385 (net)
                      0.111879    0.037661   19.329718 v fpga_core_uut/wire27/A (sky130_fd_sc_hd__buf_12)
     2    0.137973    0.078730    0.183283   19.513000 v fpga_core_uut/wire27/X (sky130_fd_sc_hd__buf_12)
                                                         fpga_core_uut/net384 (net)
                      0.125768    0.049582   19.562582 v fpga_core_uut/wire26/A (sky130_fd_sc_hd__buf_12)
     2    0.089980    0.056019    0.182244   19.744825 v fpga_core_uut/wire26/X (sky130_fd_sc_hd__buf_12)
                                                         fpga_core_uut/net383 (net)
                      0.082714    0.029692   19.774517 v fpga_core_uut/clkbuf_0_clk/A (sky130_fd_sc_hd__clkbuf_16)
     4    0.117513    0.086947    0.210399   19.984915 v fpga_core_uut/clkbuf_0_clk/X (sky130_fd_sc_hd__clkbuf_16)
                                                         fpga_core_uut/clknet_0_clk (net)
                      0.098014    0.023771   20.008686 v fpga_core_uut/clkbuf_1_1_0_clk/A (sky130_fd_sc_hd__clkbuf_8)
     4    0.070743    0.088484    0.211880   20.220568 v fpga_core_uut/clkbuf_1_1_0_clk/X (sky130_fd_sc_hd__clkbuf_8)
                                                         fpga_core_uut/clknet_1_1_0_clk (net)
                      0.089023    0.005402   20.225969 v fpga_core_uut/clkbuf_2_2_0_clk/A (sky130_fd_sc_hd__clkbuf_8)
     4    0.102265    0.114283    0.211223   20.437193 v fpga_core_uut/clkbuf_2_2_0_clk/X (sky130_fd_sc_hd__clkbuf_8)
                                                         fpga_core_uut/clknet_2_2_0_clk (net)
                      0.136564    0.037904   20.475096 v fpga_core_uut/clkbuf_3_5_0_clk/A (sky130_fd_sc_hd__clkbuf_8)
     6    0.117752    0.130364    0.242920   20.718016 v fpga_core_uut/clkbuf_3_5_0_clk/X (sky130_fd_sc_hd__clkbuf_8)
                                                         fpga_core_uut/clknet_3_5_0_clk (net)
                      0.145400    0.033220   20.751236 v fpga_core_uut/max_length45/A (sky130_fd_sc_hd__buf_6)
     6    0.115990    0.105313    0.212022   20.963259 v fpga_core_uut/max_length45/X (sky130_fd_sc_hd__buf_6)
                                                         fpga_core_uut/net402 (net)
                      0.125711    0.034575   20.997833 v fpga_core_uut/max_length44/A (sky130_fd_sc_hd__buf_6)
     6    0.108659    0.100276    0.207812   21.205647 v fpga_core_uut/max_length44/X (sky130_fd_sc_hd__buf_6)
                                                         fpga_core_uut/net401 (net)
                      0.115656    0.029893   21.235538 v fpga_core_uut/ANTENNA_tile_2__9__clk0/DIODE (sky130_fd_sc_hd__diode_2)
                                             21.235538   data arrival time
---------------------------------------------------------------------------------------------
(Path is unconstrained)




===========================================================================
report_checks --slack_max -0.01
============================================================================
======================= min_tt_025C_1v80 Corner ===================================

No paths found.


===========================================================================
 report_check_types -max_slew -max_cap -max_fanout -violators
============================================================================
======================= min_tt_025C_1v80 Corner ===================================

max slew

Pin                                        Limit        Slew       Slack
------------------------------------------------------------------------
fpga_core_uut/input37/A                 1.500000    4.197037   -2.697037 (VIOLATED)
fpga_core_uut/ANTENNA_input37_A/DIODE    1.500000    4.197021   -2.697021 (VIOLATED)
fpga_core_uut/input38/A                 1.500000    3.894818   -2.394818 (VIOLATED)
fpga_core_uut/ANTENNA_input38_A/DIODE    1.500000    3.894801   -2.394802 (VIOLATED)
fpga_core_uut/input43/A                 1.500000    3.375972   -1.875972 (VIOLATED)
fpga_core_uut/ANTENNA_input43_A/DIODE    1.500000    3.375956   -1.875956 (VIOLATED)
fpga_core_uut/input39/A                 1.500000    3.367644   -1.867644 (VIOLATED)
fpga_core_uut/ANTENNA_input39_A/DIODE    1.500000    3.367631   -1.867631 (VIOLATED)
output5/A                               1.500000    3.182097   -1.682097 (VIOLATED)
ANTENNA_19/DIODE                        1.500000    3.182084   -1.682084 (VIOLATED)
ANTENNA_17/DIODE                        1.500000    3.182081   -1.682081 (VIOLATED)
ANTENNA_15/DIODE                        1.500000    3.182074   -1.682074 (VIOLATED)
ANTENNA_13/DIODE                        1.500000    3.182064   -1.682064 (VIOLATED)
ANTENNA_12/DIODE                        1.500000    3.182003   -1.682003 (VIOLATED)
ANTENNA_14/DIODE                        1.500000    3.181957   -1.681957 (VIOLATED)
ANTENNA_16/DIODE                        1.500000    3.181909   -1.681909 (VIOLATED)
ANTENNA_18/DIODE                        1.500000    3.181857   -1.681857 (VIOLATED)
ANTENNA_20/DIODE                        1.500000    3.181801   -1.681801 (VIOLATED)
fpga_core_uut/input36/A                 1.500000    3.095680   -1.595680 (VIOLATED)
fpga_core_uut/ANTENNA_input36_A/DIODE    1.500000    3.095659   -1.595659 (VIOLATED)
ANTENNA_30/DIODE                        1.500000    2.966341   -1.466341 (VIOLATED)
ANTENNA_28/DIODE                        1.500000    2.966340   -1.466340 (VIOLATED)
ANTENNA_26/DIODE                        1.500000    2.966334   -1.466334 (VIOLATED)
output6/A                               1.500000    2.966332   -1.466332 (VIOLATED)
ANTENNA_24/DIODE                        1.500000    2.966324   -1.466324 (VIOLATED)
ANTENNA_22/DIODE                        1.500000    2.966311   -1.466312 (VIOLATED)
ANTENNA_21/DIODE                        1.500000    2.966233   -1.466233 (VIOLATED)
ANTENNA_23/DIODE                        1.500000    2.966185   -1.466185 (VIOLATED)
ANTENNA_25/DIODE                        1.500000    2.966132   -1.466132 (VIOLATED)
ANTENNA_27/DIODE                        1.500000    2.966077   -1.466077 (VIOLATED)
ANTENNA_29/DIODE                        1.500000    2.966018   -1.466018 (VIOLATED)
ANTENNA_31/DIODE                        1.500000    2.965955   -1.465956 (VIOLATED)
fpga_core_uut/input47/A                 1.500000    2.911194   -1.411194 (VIOLATED)
fpga_core_uut/ANTENNA_input47_A/DIODE    1.500000    2.911178   -1.411178 (VIOLATED)
fpga_core_uut/input35/A                 1.500000    2.880771   -1.380771 (VIOLATED)
fpga_core_uut/ANTENNA_input35_A/DIODE    1.500000    2.880747   -1.380747 (VIOLATED)
fpga_core_uut/input34/A                 1.500000    2.784023   -1.284023 (VIOLATED)
fpga_core_uut/ANTENNA_input34_A/DIODE    1.500000    2.784010   -1.284010 (VIOLATED)
fpga_core_uut/input48/A                 1.500000    2.782713   -1.282713 (VIOLATED)
fpga_core_uut/ANTENNA_input48_A/DIODE    1.500000    2.782701   -1.282701 (VIOLATED)
fpga_core_uut/input53/A                 1.500000    2.771101   -1.271101 (VIOLATED)
fpga_core_uut/ANTENNA_input53_A/DIODE    1.500000    2.771096   -1.271097 (VIOLATED)
fpga_core_uut/input45/A                 1.500000    2.694959   -1.194959 (VIOLATED)
fpga_core_uut/ANTENNA_input45_A/DIODE    1.500000    2.694941   -1.194941 (VIOLATED)
fpga_core_uut/input33/A                 1.500000    2.687865   -1.187866 (VIOLATED)
fpga_core_uut/ANTENNA_input33_A/DIODE    1.500000    2.687849   -1.187849 (VIOLATED)
fpga_core_uut/input49/A                 1.500000    2.632336   -1.132336 (VIOLATED)
fpga_core_uut/ANTENNA_input49_A/DIODE    1.500000    2.632330   -1.132330 (VIOLATED)
fpga_core_uut/input120/A                1.500000    2.429724   -0.929724 (VIOLATED)
fpga_core_uut/ANTENNA_input120_A/DIODE    1.500000    2.429705   -0.929705 (VIOLATED)
fpga_core_uut/input60/A                 1.500000    2.314646   -0.814646 (VIOLATED)
fpga_core_uut/ANTENNA_input60_A/DIODE    1.500000    2.314634   -0.814634 (VIOLATED)
fpga_core_uut/input54/A                 1.500000    2.258928   -0.758928 (VIOLATED)
fpga_core_uut/ANTENNA_input54_A/DIODE    1.500000    2.258904   -0.758904 (VIOLATED)
fpga_core_uut/input51/A                 1.500000    2.257984   -0.757984 (VIOLATED)
fpga_core_uut/ANTENNA_input51_A/DIODE    1.500000    2.257968   -0.757968 (VIOLATED)
fpga_core_uut/input64/A                 1.500000    2.127444   -0.627444 (VIOLATED)
fpga_core_uut/ANTENNA_input64_A/DIODE    1.500000    2.127426   -0.627426 (VIOLATED)
fpga_core_uut/input67/A                 1.500000    2.009164   -0.509164 (VIOLATED)
fpga_core_uut/ANTENNA_input67_A/DIODE    1.500000    2.009145   -0.509145 (VIOLATED)
fpga_core_uut/input59/A                 1.500000    1.995754   -0.495754 (VIOLATED)
fpga_core_uut/ANTENNA_input59_A/DIODE    1.500000    1.995741   -0.495741 (VIOLATED)
output4/A                               1.500000    1.989638   -0.489638 (VIOLATED)
ANTENNA_11/DIODE                        1.500000    1.989614   -0.489614 (VIOLATED)
ANTENNA_9/DIODE                         1.500000    1.989613   -0.489613 (VIOLATED)
ANTENNA_7/DIODE                         1.500000    1.989607   -0.489607 (VIOLATED)
ANTENNA_6/DIODE                         1.500000    1.989506   -0.489506 (VIOLATED)
ANTENNA_8/DIODE                         1.500000    1.989414   -0.489414 (VIOLATED)
ANTENNA_10/DIODE                        1.500000    1.989368   -0.489368 (VIOLATED)
fpga_core_uut/input66/A                 1.500000    1.976611   -0.476611 (VIOLATED)
fpga_core_uut/ANTENNA_input66_A/DIODE    1.500000    1.976593   -0.476593 (VIOLATED)
fpga_core_uut/input65/A                 1.500000    1.970214   -0.470214 (VIOLATED)
fpga_core_uut/ANTENNA_input65_A/DIODE    1.500000    1.970199   -0.470199 (VIOLATED)
fpga_core_uut/input68/A                 1.500000    1.940484   -0.440484 (VIOLATED)
fpga_core_uut/ANTENNA_input68_A/DIODE    1.500000    1.940464   -0.440464 (VIOLATED)
fpga_core_uut/input42/A                 1.500000    1.868318   -0.368318 (VIOLATED)
fpga_core_uut/ANTENNA_input42_A/DIODE    1.500000    1.868313   -0.368313 (VIOLATED)
fpga_core_uut/input69/A                 1.500000    1.824119   -0.324119 (VIOLATED)
fpga_core_uut/ANTENNA_input69_A/DIODE    1.500000    1.824107   -0.324107 (VIOLATED)
output7/A                               1.500000    1.754875   -0.254875 (VIOLATED)
ANTENNA_267/DIODE                       1.500000    1.754813   -0.254814 (VIOLATED)
ANTENNA_32/DIODE                        1.500000    1.754787   -0.254787 (VIOLATED)
ANTENNA_268/DIODE                       1.500000    1.754786   -0.254787 (VIOLATED)
fpga_core_uut/input70/A                 1.500000    1.646741   -0.146741 (VIOLATED)
fpga_core_uut/ANTENNA_input70_A/DIODE    1.500000    1.646724   -0.146724 (VIOLATED)
fpga_core_uut/input76/A                 1.500000    1.604511   -0.104511 (VIOLATED)
fpga_core_uut/ANTENNA_input76_A/DIODE    1.500000    1.604492   -0.104493 (VIOLATED)
fpga_core_uut/input58/A                 1.500000    1.585424   -0.085424 (VIOLATED)
fpga_core_uut/ANTENNA_input58_A/DIODE    1.500000    1.585410   -0.085410 (VIOLATED)
fpga_core_uut/input56/A                 1.500000    1.557457   -0.057457 (VIOLATED)
fpga_core_uut/ANTENNA_input56_A/DIODE    1.500000    1.557442   -0.057442 (VIOLATED)
output9/A                               1.500000    1.552703   -0.052703 (VIOLATED)
ANTENNA_37/DIODE                        1.500000    1.552678   -0.052678 (VIOLATED)
ANTENNA_35/DIODE                        1.500000    1.552676   -0.052676 (VIOLATED)
ANTENNA_36/DIODE                        1.500000    1.552580   -0.052580 (VIOLATED)
ANTENNA_38/DIODE                        1.500000    1.552571   -0.052571 (VIOLATED)
ANTENNA_270/DIODE                       1.500000    1.552460   -0.052460 (VIOLATED)
ANTENNA_39/DIODE                        1.500000    1.552459   -0.052459 (VIOLATED)
ANTENNA_269/DIODE                       1.500000    1.552456   -0.052456 (VIOLATED)
ANTENNA_271/DIODE                       1.500000    1.552453   -0.052453 (VIOLATED)
fpga_core_uut/input57/A                 1.500000    1.538089   -0.038089 (VIOLATED)
fpga_core_uut/ANTENNA_input57_A/DIODE    1.500000    1.538067   -0.038067 (VIOLATED)
fpga_core_uut/input71/A                 1.500000    1.508244   -0.008244 (VIOLATED)
fpga_core_uut/ANTENNA_input71_A/DIODE    1.500000    1.508225   -0.008225 (VIOLATED)
fpga_core_uut/input44/A                 1.500000    1.507264   -0.007264 (VIOLATED)
fpga_core_uut/ANTENNA_input44_A/DIODE    1.500000    1.507252   -0.007252 (VIOLATED)

max fanout

Pin                                   Limit Fanout  Slack
---------------------------------------------------------
fpga_core_uut/wire272/X                  10     18     -8 (VIOLATED)
fpga_core_uut/wire273/X                  10     18     -8 (VIOLATED)
fpga_core_uut/wire290/X                  10     18     -8 (VIOLATED)
fpga_core_uut/wire291/X                  10     18     -8 (VIOLATED)
fpga_core_uut/wire302/X                  10     18     -8 (VIOLATED)
fpga_core_uut/wire309/X                  10     18     -8 (VIOLATED)
fpga_core_uut/clkbuf_3_6__f_prog_clk/X     10     16     -6 (VIOLATED)
fpga_core_uut/wire271/X                  10     16     -6 (VIOLATED)
fpga_core_uut/wire282/X                  10     16     -6 (VIOLATED)
fpga_core_uut/wire289/X                  10     16     -6 (VIOLATED)
fpga_core_uut/wire300/X                  10     16     -6 (VIOLATED)
fpga_core_uut/wire301/X                  10     16     -6 (VIOLATED)
fpga_core_uut/wire318/X                  10     16     -6 (VIOLATED)
fpga_core_uut/output254/X                10     12     -2 (VIOLATED)



===========================================================================
report_parasitic_annotation -report_unannotated
============================================================================
Found 446 unannotated drivers.
 analog_io[0]
 analog_io[10]
 analog_io[11]
 analog_io[12]
 analog_io[13]
 analog_io[14]
 analog_io[15]
 analog_io[16]
 analog_io[17]
 analog_io[18]
 analog_io[19]
 analog_io[1]
 analog_io[20]
 analog_io[21]
 analog_io[22]
 analog_io[23]
 analog_io[24]
 analog_io[25]
 analog_io[26]
 analog_io[27]
 analog_io[28]
 analog_io[2]
 analog_io[3]
 analog_io[4]
 analog_io[5]
 analog_io[6]
 analog_io[7]
 analog_io[8]
 analog_io[9]
 io_in[14]
 io_in[23]
 la_data_in[0]
 la_data_in[10]
 la_data_in[11]
 la_data_in[12]
 la_data_in[13]
 la_data_in[14]
 la_data_in[15]
 la_data_in[16]
 la_data_in[17]
 la_data_in[18]
 la_data_in[19]
 la_data_in[1]
 la_data_in[20]
 la_data_in[21]
 la_data_in[22]
 la_data_in[23]
 la_data_in[24]
 la_data_in[25]
 la_data_in[26]
 la_data_in[27]
 la_data_in[28]
 la_data_in[29]
 la_data_in[2]
 la_data_in[30]
 la_data_in[31]
 la_data_in[32]
 la_data_in[33]
 la_data_in[34]
 la_data_in[35]
 la_data_in[36]
 la_data_in[37]
 la_data_in[38]
 la_data_in[39]
 la_data_in[3]
 la_data_in[40]
 la_data_in[41]
 la_data_in[42]
 la_data_in[43]
 la_data_in[44]
 la_data_in[45]
 la_data_in[46]
 la_data_in[47]
 la_data_in[48]
 la_data_in[49]
 la_data_in[4]
 la_data_in[50]
 la_data_in[51]
 la_data_in[52]
 la_data_in[53]
 la_data_in[54]
 la_data_in[55]
 la_data_in[5]
 la_data_in[6]
 la_data_in[7]
 la_data_in[8]
 la_data_in[9]
 la_oenb[0]
 la_oenb[100]
 la_oenb[101]
 la_oenb[102]
 la_oenb[103]
 la_oenb[104]
 la_oenb[105]
 la_oenb[106]
 la_oenb[107]
 la_oenb[108]
 la_oenb[109]
 la_oenb[10]
 la_oenb[110]
 la_oenb[111]
 la_oenb[112]
 la_oenb[113]
 la_oenb[114]
 la_oenb[115]
 la_oenb[116]
 la_oenb[117]
 la_oenb[118]
 la_oenb[119]
 la_oenb[11]
 la_oenb[120]
 la_oenb[121]
 la_oenb[122]
 la_oenb[123]
 la_oenb[124]
 la_oenb[125]
 la_oenb[126]
 la_oenb[127]
 la_oenb[12]
 la_oenb[13]
 la_oenb[14]
 la_oenb[15]
 la_oenb[16]
 la_oenb[17]
 la_oenb[18]
 la_oenb[19]
 la_oenb[1]
 la_oenb[20]
 la_oenb[21]
 la_oenb[22]
 la_oenb[23]
 la_oenb[24]
 la_oenb[25]
 la_oenb[26]
 la_oenb[27]
 la_oenb[28]
 la_oenb[29]
 la_oenb[2]
 la_oenb[30]
 la_oenb[31]
 la_oenb[32]
 la_oenb[33]
 la_oenb[34]
 la_oenb[35]
 la_oenb[36]
 la_oenb[37]
 la_oenb[38]
 la_oenb[39]
 la_oenb[3]
 la_oenb[40]
 la_oenb[41]
 la_oenb[42]
 la_oenb[43]
 la_oenb[44]
 la_oenb[45]
 la_oenb[46]
 la_oenb[47]
 la_oenb[48]
 la_oenb[49]
 la_oenb[4]
 la_oenb[50]
 la_oenb[51]
 la_oenb[52]
 la_oenb[53]
 la_oenb[54]
 la_oenb[55]
 la_oenb[56]
 la_oenb[57]
 la_oenb[58]
 la_oenb[59]
 la_oenb[5]
 la_oenb[60]
 la_oenb[61]
 la_oenb[62]
 la_oenb[63]
 la_oenb[64]
 la_oenb[65]
 la_oenb[66]
 la_oenb[67]
 la_oenb[68]
 la_oenb[69]
 la_oenb[6]
 la_oenb[70]
 la_oenb[71]
 la_oenb[72]
 la_oenb[73]
 la_oenb[74]
 la_oenb[75]
 la_oenb[76]
 la_oenb[77]
 la_oenb[78]
 la_oenb[79]
 la_oenb[7]
 la_oenb[80]
 la_oenb[81]
 la_oenb[82]
 la_oenb[83]
 la_oenb[84]
 la_oenb[85]
 la_oenb[86]
 la_oenb[87]
 la_oenb[88]
 la_oenb[89]
 la_oenb[8]
 la_oenb[90]
 la_oenb[91]
 la_oenb[92]
 la_oenb[93]
 la_oenb[94]
 la_oenb[95]
 la_oenb[96]
 la_oenb[97]
 la_oenb[98]
 la_oenb[99]
 la_oenb[9]
 user_clock2
 wb_rst_i
 wbs_adr_i[0]
 wbs_adr_i[10]
 wbs_adr_i[11]
 wbs_adr_i[12]
 wbs_adr_i[13]
 wbs_adr_i[14]
 wbs_adr_i[15]
 wbs_adr_i[16]
 wbs_adr_i[17]
 wbs_adr_i[18]
 wbs_adr_i[19]
 wbs_adr_i[1]
 wbs_adr_i[20]
 wbs_adr_i[21]
 wbs_adr_i[22]
 wbs_adr_i[23]
 wbs_adr_i[24]
 wbs_adr_i[25]
 wbs_adr_i[26]
 wbs_adr_i[27]
 wbs_adr_i[28]
 wbs_adr_i[29]
 wbs_adr_i[2]
 wbs_adr_i[30]
 wbs_adr_i[31]
 wbs_adr_i[3]
 wbs_adr_i[4]
 wbs_adr_i[5]
 wbs_adr_i[6]
 wbs_adr_i[7]
 wbs_adr_i[8]
 wbs_adr_i[9]
 wbs_cyc_i
 wbs_dat_i[0]
 wbs_dat_i[10]
 wbs_dat_i[11]
 wbs_dat_i[12]
 wbs_dat_i[13]
 wbs_dat_i[14]
 wbs_dat_i[15]
 wbs_dat_i[16]
 wbs_dat_i[17]
 wbs_dat_i[18]
 wbs_dat_i[19]
 wbs_dat_i[1]
 wbs_dat_i[20]
 wbs_dat_i[21]
 wbs_dat_i[22]
 wbs_dat_i[23]
 wbs_dat_i[24]
 wbs_dat_i[25]
 wbs_dat_i[26]
 wbs_dat_i[27]
 wbs_dat_i[28]
 wbs_dat_i[29]
 wbs_dat_i[2]
 wbs_dat_i[30]
 wbs_dat_i[31]
 wbs_dat_i[3]
 wbs_dat_i[4]
 wbs_dat_i[5]
 wbs_dat_i[6]
 wbs_dat_i[7]
 wbs_dat_i[8]
 wbs_dat_i[9]
 wbs_sel_i[0]
 wbs_sel_i[1]
 wbs_sel_i[2]
 wbs_sel_i[3]
 wbs_stb_i
 wbs_we_i
 fpga_core_uut/tile_2__9__349/HI
 fpga_core_uut/tile_2__9__350/HI
 fpga_core_uut/tile_3__9__351/HI
 fpga_core_uut/tile_3__9__352/HI
 fpga_core_uut/tile_4__9__353/HI
 fpga_core_uut/tile_4__9__354/HI
 fpga_core_uut/tile_5__9__355/HI
 fpga_core_uut/tile_5__9__356/HI
 fpga_core_uut/tile_6__9__341/HI
 fpga_core_uut/tile_6__9__357/HI
 fpga_core_uut/tile_7__9__342/HI
 fpga_core_uut/tile_7__9__343/HI
 fpga_core_uut/tile_8__9__344/HI
 fpga_core_uut/tile_8__9__345/HI
 fpga_core_uut/tile_9__8__346/HI
 fpga_core_uut/tile_9__9__347/HI
 fpga_core_uut/tile_9__9__348/HI
 fpga_core_uut_131/HI
 fpga_core_uut_132/HI
 fpga_core_uut_133/HI
 fpga_core_uut_134/HI
 fpga_core_uut_135/HI
 fpga_core_uut_136/HI
 fpga_core_uut_137/HI
 fpga_core_uut_138/HI
 fpga_core_uut_139/HI
 fpga_core_uut_140/HI
 fpga_core_uut_141/HI
 fpga_core_uut_142/HI
 fpga_core_uut_143/HI
 fpga_core_uut_144/HI
 fpga_core_uut_145/HI
 fpga_core_uut_146/HI
 fpga_core_uut_147/HI
 fpga_core_uut_148/HI
 fpga_core_uut_149/HI
 fpga_core_uut_150/HI
 fpga_core_uut_151/HI
 fpga_core_uut_152/HI
 fpga_core_uut_153/HI
 fpga_core_uut_154/HI
 fpga_core_uut_155/HI
 fpga_core_uut_234/HI
 fpga_core_uut_235/HI
 fpga_core_uut_236/HI
 fpga_core_uut_237/HI
 user_project_wrapper_156/HI
 user_project_wrapper_157/HI
 user_project_wrapper_158/HI
 user_project_wrapper_159/HI
 user_project_wrapper_160/HI
 user_project_wrapper_161/HI
 user_project_wrapper_162/HI
 user_project_wrapper_163/HI
 user_project_wrapper_164/HI
 user_project_wrapper_165/HI
 user_project_wrapper_166/HI
 user_project_wrapper_167/HI
 user_project_wrapper_168/HI
 user_project_wrapper_169/HI
 user_project_wrapper_170/HI
 user_project_wrapper_171/HI
 user_project_wrapper_172/HI
 user_project_wrapper_173/HI
 user_project_wrapper_174/HI
 user_project_wrapper_175/HI
 user_project_wrapper_176/HI
 user_project_wrapper_177/HI
 user_project_wrapper_178/HI
 user_project_wrapper_179/HI
 user_project_wrapper_180/HI
 user_project_wrapper_181/HI
 user_project_wrapper_182/HI
 user_project_wrapper_183/HI
 user_project_wrapper_184/HI
 user_project_wrapper_185/HI
 user_project_wrapper_186/HI
 user_project_wrapper_187/HI
 user_project_wrapper_188/HI
 user_project_wrapper_189/HI
 user_project_wrapper_190/HI
 user_project_wrapper_191/HI
 user_project_wrapper_192/HI
 user_project_wrapper_193/HI
 user_project_wrapper_194/HI
 user_project_wrapper_195/HI
 user_project_wrapper_196/HI
 user_project_wrapper_197/HI
 user_project_wrapper_198/HI
 user_project_wrapper_199/HI
 user_project_wrapper_200/HI
 user_project_wrapper_201/HI
 user_project_wrapper_202/HI
 user_project_wrapper_203/HI
 user_project_wrapper_204/HI
 user_project_wrapper_205/HI
 user_project_wrapper_206/HI
 user_project_wrapper_207/HI
 user_project_wrapper_208/HI
 user_project_wrapper_209/HI
 user_project_wrapper_210/HI
 user_project_wrapper_211/HI
 user_project_wrapper_212/HI
 user_project_wrapper_213/HI
 user_project_wrapper_214/HI
 user_project_wrapper_215/HI
 user_project_wrapper_216/HI
 user_project_wrapper_217/HI
 user_project_wrapper_218/HI
 user_project_wrapper_219/HI
 user_project_wrapper_220/HI
 user_project_wrapper_221/HI
 user_project_wrapper_222/HI
 user_project_wrapper_223/HI
 user_project_wrapper_224/HI
 user_project_wrapper_225/HI
 user_project_wrapper_226/HI
 user_project_wrapper_227/HI
 user_project_wrapper_228/HI
 user_project_wrapper_229/HI
 user_project_wrapper_230/HI
 user_project_wrapper_231/HI
 user_project_wrapper_232/HI
 user_project_wrapper_233/HI
 user_project_wrapper_238/LO
 user_project_wrapper_239/LO
 user_project_wrapper_240/LO
 user_project_wrapper_241/LO
 user_project_wrapper_242/LO
 user_project_wrapper_243/LO
 user_project_wrapper_244/LO
 user_project_wrapper_245/LO
 user_project_wrapper_246/LO
 user_project_wrapper_247/LO
 user_project_wrapper_248/LO
 user_project_wrapper_249/LO
 user_project_wrapper_250/LO
 user_project_wrapper_251/LO
 user_project_wrapper_252/LO
 user_project_wrapper_253/LO
 user_project_wrapper_254/LO
 user_project_wrapper_255/LO
 user_project_wrapper_256/LO
 user_project_wrapper_257/LO
 user_project_wrapper_258/LO
 user_project_wrapper_259/LO
 user_project_wrapper_260/LO
 user_project_wrapper_261/LO
 user_project_wrapper_262/LO
 user_project_wrapper_263/LO
 user_project_wrapper_264/LO
 user_project_wrapper_265/LO
 user_project_wrapper_266/LO
 user_project_wrapper_267/LO
 user_project_wrapper_268/LO
 user_project_wrapper_269/LO
 user_project_wrapper_270/LO
 user_project_wrapper_271/LO
Found 128 partially unannotated drivers.
 fpga_core_uut/input10/X
  fpga_core_uut/tile_1__4_/gfpga_pad_io_soc_in[3]
 fpga_core_uut/input100/X
  fpga_core_uut/tile_7__1_/gfpga_pad_io_soc_in[1]
 fpga_core_uut/input101/X
  fpga_core_uut/tile_7__1_/gfpga_pad_io_soc_in[2]
 fpga_core_uut/input102/X
  fpga_core_uut/tile_7__1_/gfpga_pad_io_soc_in[3]
 fpga_core_uut/input103/X
  fpga_core_uut/tile_6__1_/gfpga_pad_io_soc_in[0]
 fpga_core_uut/input104/X
  fpga_core_uut/tile_6__1_/gfpga_pad_io_soc_in[1]
 fpga_core_uut/input105/X
  fpga_core_uut/tile_6__1_/gfpga_pad_io_soc_in[2]
 fpga_core_uut/input106/X
  fpga_core_uut/tile_6__1_/gfpga_pad_io_soc_in[3]
 fpga_core_uut/input107/X
  fpga_core_uut/tile_3__9_/gfpga_pad_io_soc_in[3]
 fpga_core_uut/input108/X
  fpga_core_uut/tile_5__1_/gfpga_pad_io_soc_in[0]
 fpga_core_uut/input109/X
  fpga_core_uut/tile_5__1_/gfpga_pad_io_soc_in[1]
 fpga_core_uut/input11/X
  fpga_core_uut/tile_1__5_/gfpga_pad_io_soc_in[0]
 fpga_core_uut/input110/X
  fpga_core_uut/tile_5__1_/gfpga_pad_io_soc_in[2]
 fpga_core_uut/input111/X
  fpga_core_uut/tile_5__1_/gfpga_pad_io_soc_in[3]
 fpga_core_uut/input112/X
  fpga_core_uut/tile_4__1_/gfpga_pad_io_soc_in[0]
 fpga_core_uut/input113/X
  fpga_core_uut/tile_4__1_/gfpga_pad_io_soc_in[1]
 fpga_core_uut/input114/X
  fpga_core_uut/tile_4__1_/gfpga_pad_io_soc_in[2]
 fpga_core_uut/input115/X
  fpga_core_uut/tile_4__1_/gfpga_pad_io_soc_in[3]
 fpga_core_uut/input116/X
  fpga_core_uut/tile_3__1_/gfpga_pad_io_soc_in[0]
 fpga_core_uut/input117/X
  fpga_core_uut/tile_3__1_/gfpga_pad_io_soc_in[1]
 fpga_core_uut/input118/X
  fpga_core_uut/tile_4__9_/gfpga_pad_io_soc_in[0]
 fpga_core_uut/input119/X
  fpga_core_uut/tile_3__1_/gfpga_pad_io_soc_in[2]
 fpga_core_uut/input12/X
  fpga_core_uut/tile_1__5_/gfpga_pad_io_soc_in[1]
 fpga_core_uut/input120/X
  fpga_core_uut/tile_3__1_/gfpga_pad_io_soc_in[3]
 fpga_core_uut/input121/X
  fpga_core_uut/tile_2__1_/gfpga_pad_io_soc_in[0]
 fpga_core_uut/input122/X
  fpga_core_uut/tile_2__1_/gfpga_pad_io_soc_in[1]
 fpga_core_uut/input123/X
  fpga_core_uut/tile_2__1_/gfpga_pad_io_soc_in[2]
 fpga_core_uut/input124/X
  fpga_core_uut/tile_2__1_/gfpga_pad_io_soc_in[3]
 fpga_core_uut/input125/X
  fpga_core_uut/tile_1__2_/gfpga_pad_io_soc_in[0]
 fpga_core_uut/input126/X
  fpga_core_uut/tile_1__2_/gfpga_pad_io_soc_in[1]
 fpga_core_uut/input127/X
  fpga_core_uut/tile_1__2_/gfpga_pad_io_soc_in[2]
 fpga_core_uut/input128/X
  fpga_core_uut/tile_1__2_/gfpga_pad_io_soc_in[3]
 fpga_core_uut/input129/X
  fpga_core_uut/tile_4__9_/gfpga_pad_io_soc_in[1]
 fpga_core_uut/input13/X
  fpga_core_uut/tile_4__9_/gfpga_pad_io_soc_in[2]
 fpga_core_uut/input14/X
  fpga_core_uut/tile_1__5_/gfpga_pad_io_soc_in[2]
 fpga_core_uut/input15/X
  fpga_core_uut/tile_1__5_/gfpga_pad_io_soc_in[3]
 fpga_core_uut/input16/X
  fpga_core_uut/tile_1__6_/gfpga_pad_io_soc_in[0]
 fpga_core_uut/input17/X
  fpga_core_uut/tile_1__6_/gfpga_pad_io_soc_in[1]
 fpga_core_uut/input18/X
  fpga_core_uut/tile_1__6_/gfpga_pad_io_soc_in[2]
 fpga_core_uut/input19/X
  fpga_core_uut/tile_1__6_/gfpga_pad_io_soc_in[3]
 fpga_core_uut/input2/X
  fpga_core_uut/tile_2__9_/gfpga_pad_io_soc_in[0]
 fpga_core_uut/input20/X
  fpga_core_uut/tile_1__7_/gfpga_pad_io_soc_in[0]
 fpga_core_uut/input21/X
  fpga_core_uut/tile_1__7_/gfpga_pad_io_soc_in[1]
 fpga_core_uut/input22/X
  fpga_core_uut/tile_1__7_/gfpga_pad_io_soc_in[2]
 fpga_core_uut/input23/X
  fpga_core_uut/tile_1__7_/gfpga_pad_io_soc_in[3]
 fpga_core_uut/input24/X
  fpga_core_uut/tile_4__9_/gfpga_pad_io_soc_in[3]
 fpga_core_uut/input25/X
  fpga_core_uut/tile_1__8_/gfpga_pad_io_soc_in[0]
 fpga_core_uut/input26/X
  fpga_core_uut/tile_1__8_/gfpga_pad_io_soc_in[1]
 fpga_core_uut/input27/X
  fpga_core_uut/tile_1__8_/gfpga_pad_io_soc_in[2]
 fpga_core_uut/input28/X
  fpga_core_uut/tile_1__8_/gfpga_pad_io_soc_in[3]
 fpga_core_uut/input29/X
  fpga_core_uut/tile_1__9_/gfpga_pad_io_soc_in[0]
 fpga_core_uut/input3/X
  fpga_core_uut/tile_1__3_/gfpga_pad_io_soc_in[0]
 fpga_core_uut/input30/X
  fpga_core_uut/tile_1__9_/gfpga_pad_io_soc_in[1]
 fpga_core_uut/input31/X
  fpga_core_uut/tile_1__9_/gfpga_pad_io_soc_in[2]
 fpga_core_uut/input32/X
  fpga_core_uut/tile_1__9_/gfpga_pad_io_soc_in[3]
 fpga_core_uut/input33/X
  fpga_core_uut/tile_5__9_/gfpga_pad_io_soc_in[0]
 fpga_core_uut/input34/X
  fpga_core_uut/tile_5__9_/gfpga_pad_io_soc_in[1]
 fpga_core_uut/input35/X
  fpga_core_uut/tile_5__9_/gfpga_pad_io_soc_in[2]
 fpga_core_uut/input36/X
  fpga_core_uut/tile_5__9_/gfpga_pad_io_soc_in[3]
 fpga_core_uut/input37/X
  fpga_core_uut/tile_6__9_/gfpga_pad_io_soc_in[0]
 fpga_core_uut/input38/X
  fpga_core_uut/tile_6__9_/gfpga_pad_io_soc_in[1]
 fpga_core_uut/input39/X
  fpga_core_uut/tile_6__9_/gfpga_pad_io_soc_in[2]
 fpga_core_uut/input4/X
  fpga_core_uut/tile_1__3_/gfpga_pad_io_soc_in[1]
 fpga_core_uut/input40/X
  fpga_core_uut/tile_6__9_/gfpga_pad_io_soc_in[3]
 fpga_core_uut/input41/X
  fpga_core_uut/tile_2__9_/gfpga_pad_io_soc_in[1]
 fpga_core_uut/input42/X
  fpga_core_uut/tile_7__9_/gfpga_pad_io_soc_in[0]
 fpga_core_uut/input43/X
  fpga_core_uut/tile_7__9_/gfpga_pad_io_soc_in[1]
 fpga_core_uut/input44/X
  fpga_core_uut/tile_7__9_/gfpga_pad_io_soc_in[2]
 fpga_core_uut/input45/X
  fpga_core_uut/tile_7__9_/gfpga_pad_io_soc_in[3]
 fpga_core_uut/input46/X
  fpga_core_uut/tile_8__9_/gfpga_pad_io_soc_in[0]
 fpga_core_uut/input47/X
  fpga_core_uut/tile_8__9_/gfpga_pad_io_soc_in[1]
 fpga_core_uut/input48/X
  fpga_core_uut/tile_8__9_/gfpga_pad_io_soc_in[2]
 fpga_core_uut/input49/X
  fpga_core_uut/tile_8__9_/gfpga_pad_io_soc_in[3]
 fpga_core_uut/input5/X
  fpga_core_uut/tile_1__3_/gfpga_pad_io_soc_in[2]
 fpga_core_uut/input50/X
  fpga_core_uut/tile_9__9_/gfpga_pad_io_soc_in[0]
 fpga_core_uut/input51/X
  fpga_core_uut/tile_9__9_/gfpga_pad_io_soc_in[1]
 fpga_core_uut/input52/X
  fpga_core_uut/tile_2__9_/gfpga_pad_io_soc_in[2]
 fpga_core_uut/input53/X
  fpga_core_uut/tile_9__9_/gfpga_pad_io_soc_in[2]
 fpga_core_uut/input54/X
  fpga_core_uut/tile_9__9_/gfpga_pad_io_soc_in[3]
 fpga_core_uut/input55/X
  fpga_core_uut/tile_9__9_/gfpga_pad_io_soc_in_0[0]
 fpga_core_uut/input56/X
  fpga_core_uut/tile_9__9_/gfpga_pad_io_soc_in_0[1]
 fpga_core_uut/input57/X
  fpga_core_uut/tile_9__9_/gfpga_pad_io_soc_in_0[2]
 fpga_core_uut/input58/X
  fpga_core_uut/tile_9__9_/gfpga_pad_io_soc_in_0[3]
 fpga_core_uut/input59/X
  fpga_core_uut/tile_9__8_/gfpga_pad_io_soc_in[0]
 fpga_core_uut/input6/X
  fpga_core_uut/tile_1__3_/gfpga_pad_io_soc_in[3]
 fpga_core_uut/input60/X
  fpga_core_uut/tile_9__8_/gfpga_pad_io_soc_in[1]
 fpga_core_uut/input61/X
  fpga_core_uut/tile_9__8_/gfpga_pad_io_soc_in[2]
 fpga_core_uut/input62/X
  fpga_core_uut/tile_9__8_/gfpga_pad_io_soc_in[3]
 fpga_core_uut/input63/X
  fpga_core_uut/tile_2__9_/gfpga_pad_io_soc_in[3]
 fpga_core_uut/input64/X
  fpga_core_uut/tile_9__7_/gfpga_pad_io_soc_in[0]
 fpga_core_uut/input65/X
  fpga_core_uut/tile_9__7_/gfpga_pad_io_soc_in[1]
 fpga_core_uut/input66/X
  fpga_core_uut/tile_9__7_/gfpga_pad_io_soc_in[2]
 fpga_core_uut/input67/X
  fpga_core_uut/tile_9__7_/gfpga_pad_io_soc_in[3]
 fpga_core_uut/input68/X
  fpga_core_uut/tile_9__6_/gfpga_pad_io_soc_in[0]
 fpga_core_uut/input69/X
  fpga_core_uut/tile_9__6_/gfpga_pad_io_soc_in[1]
 fpga_core_uut/input7/X
  fpga_core_uut/tile_1__4_/gfpga_pad_io_soc_in[0]
 fpga_core_uut/input70/X
  fpga_core_uut/tile_9__6_/gfpga_pad_io_soc_in[2]
 fpga_core_uut/input71/X
  fpga_core_uut/tile_9__6_/gfpga_pad_io_soc_in[3]
 fpga_core_uut/input72/X
  fpga_core_uut/tile_9__5_/gfpga_pad_io_soc_in[0]
 fpga_core_uut/input73/X
  fpga_core_uut/tile_9__5_/gfpga_pad_io_soc_in[1]
 fpga_core_uut/input74/X
  fpga_core_uut/tile_3__9_/gfpga_pad_io_soc_in[0]
 fpga_core_uut/input75/X
  fpga_core_uut/tile_9__5_/gfpga_pad_io_soc_in[2]
 fpga_core_uut/input76/X
  fpga_core_uut/tile_9__5_/gfpga_pad_io_soc_in[3]
 fpga_core_uut/input77/X
  fpga_core_uut/tile_9__4_/gfpga_pad_io_soc_in[0]
 fpga_core_uut/input78/X
  fpga_core_uut/tile_9__4_/gfpga_pad_io_soc_in[1]
 fpga_core_uut/input79/X
  fpga_core_uut/tile_9__4_/gfpga_pad_io_soc_in[2]
 fpga_core_uut/input8/X
  fpga_core_uut/tile_1__4_/gfpga_pad_io_soc_in[1]
 fpga_core_uut/input80/X
  fpga_core_uut/tile_9__4_/gfpga_pad_io_soc_in[3]
 fpga_core_uut/input81/X
  fpga_core_uut/tile_9__3_/gfpga_pad_io_soc_in[0]
 fpga_core_uut/input82/X
  fpga_core_uut/tile_9__3_/gfpga_pad_io_soc_in[1]
 fpga_core_uut/input83/X
  fpga_core_uut/tile_9__3_/gfpga_pad_io_soc_in[2]
 fpga_core_uut/input84/X
  fpga_core_uut/tile_9__3_/gfpga_pad_io_soc_in[3]
 fpga_core_uut/input85/X
  fpga_core_uut/tile_3__9_/gfpga_pad_io_soc_in[1]
 fpga_core_uut/input86/X
  fpga_core_uut/tile_9__2_/gfpga_pad_io_soc_in[0]
 fpga_core_uut/input87/X
  fpga_core_uut/tile_9__2_/gfpga_pad_io_soc_in[1]
 fpga_core_uut/input88/X
  fpga_core_uut/tile_9__2_/gfpga_pad_io_soc_in[2]
 fpga_core_uut/input89/X
  fpga_core_uut/tile_9__2_/gfpga_pad_io_soc_in[3]
 fpga_core_uut/input9/X
  fpga_core_uut/tile_1__4_/gfpga_pad_io_soc_in[2]
 fpga_core_uut/input90/X
  fpga_core_uut/tile_9__1_/gfpga_pad_io_soc_in[0]
 fpga_core_uut/input91/X
  fpga_core_uut/tile_9__1_/gfpga_pad_io_soc_in[1]
 fpga_core_uut/input92/X
  fpga_core_uut/tile_9__1_/gfpga_pad_io_soc_in[2]
 fpga_core_uut/input93/X
  fpga_core_uut/tile_9__1_/gfpga_pad_io_soc_in[3]
 fpga_core_uut/input94/X
  fpga_core_uut/tile_8__1_/gfpga_pad_io_soc_in[0]
 fpga_core_uut/input95/X
  fpga_core_uut/tile_8__1_/gfpga_pad_io_soc_in[1]
 fpga_core_uut/input96/X
  fpga_core_uut/tile_3__9_/gfpga_pad_io_soc_in[2]
 fpga_core_uut/input97/X
  fpga_core_uut/tile_8__1_/gfpga_pad_io_soc_in[2]
 fpga_core_uut/input98/X
  fpga_core_uut/tile_8__1_/gfpga_pad_io_soc_in[3]
 fpga_core_uut/input99/X
  fpga_core_uut/tile_7__1_/gfpga_pad_io_soc_in[0]

===========================================================================
max slew violation count 106
max fanout violation count 14
max cap violation count 0
============================================================================

===========================================================================
check_setup -verbose -unconstrained_endpoints -multiple_clock -no_clock -no_input_delay -loops -generated_clocks
===========================================================================
Warning: There are 68 input ports missing set_input_delay.
  analog_io[0]
  analog_io[10]
  analog_io[11]
  analog_io[12]
  analog_io[13]
  analog_io[14]
  analog_io[15]
  analog_io[16]
  analog_io[17]
  analog_io[18]
  analog_io[19]
  analog_io[1]
  analog_io[20]
  analog_io[21]
  analog_io[22]
  analog_io[23]
  analog_io[24]
  analog_io[25]
  analog_io[26]
  analog_io[27]
  analog_io[28]
  analog_io[2]
  analog_io[3]
  analog_io[4]
  analog_io[5]
  analog_io[6]
  analog_io[7]
  analog_io[8]
  analog_io[9]
  io_in[0]
  io_in[10]
  io_in[11]
  io_in[12]
  io_in[13]
  io_in[14]
  io_in[15]
  io_in[16]
  io_in[17]
  io_in[18]
  io_in[19]
  io_in[1]
  io_in[20]
  io_in[21]
  io_in[22]
  io_in[23]
  io_in[24]
  io_in[25]
  io_in[26]
  io_in[27]
  io_in[28]
  io_in[29]
  io_in[2]
  io_in[30]
  io_in[31]
  io_in[32]
  io_in[33]
  io_in[34]
  io_in[35]
  io_in[36]
  io_in[37]
  io_in[3]
  io_in[4]
  io_in[5]
  io_in[6]
  io_in[7]
  io_in[8]
  io_in[9]
  user_clock2
Warning: There are 269 unconstrained endpoints.
  analog_io[0]
  analog_io[10]
  analog_io[11]
  analog_io[12]
  analog_io[13]
  analog_io[14]
  analog_io[15]
  analog_io[16]
  analog_io[17]
  analog_io[18]
  analog_io[19]
  analog_io[1]
  analog_io[20]
  analog_io[21]
  analog_io[22]
  analog_io[23]
  analog_io[24]
  analog_io[25]
  analog_io[26]
  analog_io[27]
  analog_io[28]
  analog_io[2]
  analog_io[3]
  analog_io[4]
  analog_io[5]
  analog_io[6]
  analog_io[7]
  analog_io[8]
  analog_io[9]
  io_oeb[0]
  io_oeb[10]
  io_oeb[11]
  io_oeb[12]
  io_oeb[13]
  io_oeb[14]
  io_oeb[15]
  io_oeb[16]
  io_oeb[17]
  io_oeb[18]
  io_oeb[19]
  io_oeb[1]
  io_oeb[20]
  io_oeb[21]
  io_oeb[22]
  io_oeb[23]
  io_oeb[24]
  io_oeb[25]
  io_oeb[26]
  io_oeb[27]
  io_oeb[28]
  io_oeb[29]
  io_oeb[2]
  io_oeb[30]
  io_oeb[31]
  io_oeb[32]
  io_oeb[33]
  io_oeb[34]
  io_oeb[35]
  io_oeb[36]
  io_oeb[37]
  io_oeb[3]
  io_oeb[4]
  io_oeb[5]
  io_oeb[6]
  io_oeb[7]
  io_oeb[8]
  io_oeb[9]
  io_out[0]
  io_out[10]
  io_out[11]
  io_out[12]
  io_out[13]
  io_out[14]
  io_out[15]
  io_out[16]
  io_out[17]
  io_out[18]
  io_out[19]
  io_out[1]
  io_out[20]
  io_out[21]
  io_out[22]
  io_out[23]
  io_out[24]
  io_out[25]
  io_out[26]
  io_out[27]
  io_out[28]
  io_out[29]
  io_out[2]
  io_out[30]
  io_out[31]
  io_out[32]
  io_out[33]
  io_out[34]
  io_out[35]
  io_out[36]
  io_out[37]
  io_out[3]
  io_out[4]
  io_out[5]
  io_out[6]
  io_out[7]
  io_out[8]
  io_out[9]
  la_data_out[0]
  la_data_out[100]
  la_data_out[101]
  la_data_out[102]
  la_data_out[103]
  la_data_out[104]
  la_data_out[105]
  la_data_out[106]
  la_data_out[107]
  la_data_out[108]
  la_data_out[109]
  la_data_out[10]
  la_data_out[110]
  la_data_out[111]
  la_data_out[112]
  la_data_out[113]
  la_data_out[114]
  la_data_out[115]
  la_data_out[116]
  la_data_out[117]
  la_data_out[118]
  la_data_out[119]
  la_data_out[11]
  la_data_out[120]
  la_data_out[121]
  la_data_out[122]
  la_data_out[123]
  la_data_out[124]
  la_data_out[125]
  la_data_out[126]
  la_data_out[127]
  la_data_out[12]
  la_data_out[13]
  la_data_out[14]
  la_data_out[15]
  la_data_out[16]
  la_data_out[17]
  la_data_out[18]
  la_data_out[19]
  la_data_out[1]
  la_data_out[20]
  la_data_out[21]
  la_data_out[22]
  la_data_out[23]
  la_data_out[24]
  la_data_out[25]
  la_data_out[26]
  la_data_out[27]
  la_data_out[28]
  la_data_out[29]
  la_data_out[2]
  la_data_out[30]
  la_data_out[31]
  la_data_out[32]
  la_data_out[33]
  la_data_out[34]
  la_data_out[35]
  la_data_out[36]
  la_data_out[37]
  la_data_out[38]
  la_data_out[39]
  la_data_out[3]
  la_data_out[40]
  la_data_out[41]
  la_data_out[42]
  la_data_out[43]
  la_data_out[44]
  la_data_out[45]
  la_data_out[46]
  la_data_out[47]
  la_data_out[48]
  la_data_out[49]
  la_data_out[4]
  la_data_out[50]
  la_data_out[51]
  la_data_out[52]
  la_data_out[53]
  la_data_out[54]
  la_data_out[55]
  la_data_out[56]
  la_data_out[57]
  la_data_out[58]
  la_data_out[59]
  la_data_out[5]
  la_data_out[60]
  la_data_out[61]
  la_data_out[62]
  la_data_out[63]
  la_data_out[64]
  la_data_out[65]
  la_data_out[66]
  la_data_out[67]
  la_data_out[68]
  la_data_out[69]
  la_data_out[6]
  la_data_out[70]
  la_data_out[71]
  la_data_out[72]
  la_data_out[73]
  la_data_out[74]
  la_data_out[75]
  la_data_out[76]
  la_data_out[77]
  la_data_out[78]
  la_data_out[79]
  la_data_out[7]
  la_data_out[80]
  la_data_out[81]
  la_data_out[82]
  la_data_out[83]
  la_data_out[84]
  la_data_out[85]
  la_data_out[86]
  la_data_out[87]
  la_data_out[88]
  la_data_out[89]
  la_data_out[8]
  la_data_out[90]
  la_data_out[91]
  la_data_out[92]
  la_data_out[93]
  la_data_out[94]
  la_data_out[95]
  la_data_out[96]
  la_data_out[97]
  la_data_out[98]
  la_data_out[99]
  la_data_out[9]
  user_irq[0]
  user_irq[1]
  user_irq[2]
  wbs_ack_o
  wbs_dat_o[0]
  wbs_dat_o[10]
  wbs_dat_o[11]
  wbs_dat_o[12]
  wbs_dat_o[13]
  wbs_dat_o[14]
  wbs_dat_o[15]
  wbs_dat_o[16]
  wbs_dat_o[17]
  wbs_dat_o[18]
  wbs_dat_o[19]
  wbs_dat_o[1]
  wbs_dat_o[20]
  wbs_dat_o[21]
  wbs_dat_o[22]
  wbs_dat_o[23]
  wbs_dat_o[24]
  wbs_dat_o[25]
  wbs_dat_o[26]
  wbs_dat_o[27]
  wbs_dat_o[28]
  wbs_dat_o[29]
  wbs_dat_o[2]
  wbs_dat_o[30]
  wbs_dat_o[31]
  wbs_dat_o[3]
  wbs_dat_o[4]
  wbs_dat_o[5]
  wbs_dat_o[6]
  wbs_dat_o[7]
  wbs_dat_o[8]
  wbs_dat_o[9]
